[2014-06-19 10:53:22] START
[2014-06-19 11:00:51] EDIT pratilipi/views/layout.html: -5
[2014-06-19 11:05:07] EDIT pratilipi/controllers/default.py: 7
[2014-06-19 11:09:50] EDIT pratilipi/controllers/default.py: 0
[2014-06-19 11:10:17] EDIT pratilipi/controllers/default.py: 0
[2014-06-19 11:12:47] EDIT pratilipi/controllers/default.py: -9
[2014-06-19 11:13:20] EDIT pratilipi/controllers/default.py: 0
[2014-06-19 11:13:40] EDIT pratilipi/controllers/default.py: 0
[2014-06-19 11:19:06] EDIT pratilipi/controllers/default.py: 0
[2014-06-19 11:21:35] EDIT pratilipi/controllers/default.py: -1
[2014-06-19 15:48:01] EDIT pratilipi/controllers/default.py: 1
[2014-06-19 15:48:25] EDIT pratilipi/controllers/default.py: 0
[2014-06-19 15:49:15] EDIT pratilipi/controllers/default.py: 0
[2014-06-19 15:49:37] EDIT pratilipi/controllers/default.py: 0
[2014-06-19 15:50:11] EDIT pratilipi/controllers/default.py: 0
[2014-06-19 15:52:57] EDIT pratilipi/views/layout.html: -1
[2014-06-19 15:53:51] EDIT pratilipi/views/layout.html: -4
[2014-06-19 15:54:26] EDIT pratilipi/views/layout.html: -1
[2014-06-19 15:55:48] EDIT pratilipi/models/menu.py: 0
[2014-06-19 15:56:37] EDIT pratilipi/views/layout.html: 0
[2014-06-19 15:56:52] EDIT pratilipi/views/layout.html: 0
[2014-06-19 15:57:03] EDIT pratilipi/views/layout.html: 0
[2014-06-19 15:58:34] EDIT pratilipi/views/layout.html: -2
[2014-06-19 15:59:08] EDIT pratilipi/views/default/index.html: 0
[2014-06-19 16:01:23] EDIT pratilipi/views/default/index.html: 0
[2014-06-19 16:01:44] EDIT pratilipi/views/default/index.html: 0
[2014-06-19 16:02:01] EDIT pratilipi/views/default/index.html: 0
[2014-06-19 16:02:16] EDIT pratilipi/views/default/index.html: 0
[2014-06-19 16:05:06] EDIT pratilipi/views/layout.html: 1
[2014-06-19 16:05:34] EDIT pratilipi/views/layout.html: 0
[2014-06-19 16:06:29] EDIT pratilipi/views/layout.html: 0
[2014-06-19 16:08:15] EDIT pratilipi/views/default/index.html: -7
[2014-06-19 16:09:05] EDIT pratilipi/views/default/index.html: -20
[2014-06-19 16:09:44] EDIT pratilipi/controllers/default.py: 0
[2014-06-19 16:10:36] EDIT pratilipi/views/layout.html: 0
[2014-06-19 16:11:00] EDIT pratilipi/views/default/index.html: -2
[2014-06-19 17:01:23] EDIT pratilipi/controllers/default.py: 0
[2014-06-19 17:03:32] EDIT pratilipi/views/layout.html: -4
[2014-06-19 17:04:27] EDIT pratilipi/views/layout.html: 3
[2014-06-19 17:10:21] EDIT pratilipi/views/layout.html: 0
[2014-06-19 17:16:52] EDIT pratilipi/views/layout.html: 2
[2014-06-19 17:17:30] EDIT pratilipi/views/layout.html: 0
[2014-06-19 17:20:24] EDIT pratilipi/models/menu.py: 0
[2014-06-19 17:24:37] EDIT pratilipi/views/layout.html: -2
[2014-06-19 17:51:10] CREATE db1.py: 0
[2014-06-19 17:51:38] EDIT pratilipi/models/db1.py: 4
[2014-06-19 17:52:28] EDIT pratilipi/controllers/default.py: 0
[2014-06-19 17:53:27] EDIT pratilipi/controllers/default.py: 0
[2014-06-19 17:53:57] EDIT pratilipi/controllers/default.py: 0
[2014-06-19 17:57:19] EDIT pratilipi/controllers/default.py: 2
[2014-06-19 17:58:07] EDIT pratilipi/controllers/default.py: 2
[2014-06-19 18:02:51] EDIT pratilipi/controllers/default.py: 0
[2014-06-19 18:04:23] EDIT pratilipi/controllers/default.py: 0
[2014-06-19 18:05:07] EDIT pratilipi/controllers/default.py: -1
[2014-06-19 18:05:28] EDIT pratilipi/controllers/default.py: 0
[2014-06-19 18:06:50] EDIT pratilipi/controllers/default.py: 0
[2014-06-19 18:07:48] EDIT pratilipi/controllers/default.py: 0
[2014-06-19 18:13:13] EDIT pratilipi/controllers/default.py: 3
[2014-06-19 18:13:37] EDIT pratilipi/controllers/default.py: 0
[2014-06-19 18:14:29] EDIT pratilipi/controllers/default.py: 0
[2014-06-19 18:15:06] EDIT pratilipi/controllers/default.py: 0
[2014-06-19 18:15:37] EDIT pratilipi/controllers/default.py: 0
[2014-06-19 18:17:10] EDIT pratilipi/controllers/default.py: 1
[2014-06-20 00:11:38] EDIT pratilipi/controllers/default.py: 0
[2014-06-20 00:14:58] EDIT pratilipi/controllers/default.py: 3
[2014-06-20 00:15:32] EDIT pratilipi/controllers/default.py: 0
[2014-06-20 00:20:29] EDIT pratilipi/controllers/default.py: 1
[2014-06-20 00:23:24] EDIT pratilipi/controllers/default.py: 0
[2014-06-20 00:24:04] EDIT pratilipi/controllers/default.py: -1
[2014-06-20 00:24:56] EDIT pratilipi/controllers/default.py: 0
[2014-06-20 00:29:46] EDIT pratilipi/controllers/default.py: 15
[2014-06-20 00:30:01] EDIT pratilipi/controllers/default.py: 0
[2014-06-20 00:30:02] EDIT pratilipi/controllers/default.py: 0
[2014-06-20 00:30:40] EDIT pratilipi/controllers/default.py: -2
[2014-06-20 00:31:25] EDIT pratilipi/controllers/default.py: 2
[2014-06-20 00:32:41] EDIT pratilipi/controllers/default.py: 0
[2014-06-20 00:32:49] EDIT pratilipi/controllers/default.py: 0
[2014-06-20 00:36:05] EDIT pratilipi/controllers/default.py: 1
[2014-06-20 00:56:53] EDIT pratilipi/controllers/default.py: 3
[2014-06-20 00:57:13] EDIT pratilipi/controllers/default.py: 0
[2014-06-20 00:57:14] EDIT pratilipi/controllers/default.py: 0
[2014-06-20 00:57:42] EDIT pratilipi/controllers/default.py: 0
[2014-06-20 00:57:43] EDIT pratilipi/controllers/default.py: 0
[2014-06-20 00:57:49] EDIT pratilipi/controllers/default.py: 0
[2014-06-20 00:57:56] EDIT pratilipi/controllers/default.py: 0
[2014-06-20 00:57:58] EDIT pratilipi/controllers/default.py: 0
[2014-06-20 00:59:25] EDIT pratilipi/controllers/default.py: 0
[2014-06-20 00:59:45] EDIT pratilipi/controllers/default.py: 1
[2014-06-20 01:02:33] EDIT pratilipi/controllers/default.py: 0
[2014-06-20 01:04:17] EDIT pratilipi/controllers/default.py: -1
[2014-06-20 01:05:21] EDIT pratilipi/controllers/default.py: 0
[2014-06-20 01:12:43] EDIT pratilipi/controllers/default.py: 3
[2014-06-20 01:20:49] EDIT pratilipi/controllers/default.py: 1
[2014-06-20 01:21:22] EDIT pratilipi/controllers/default.py: 0
[2014-06-20 01:22:07] EDIT pratilipi/controllers/default.py: 1
[2014-06-20 01:33:32] EDIT pratilipi/controllers/default.py: 11
[2014-06-20 01:34:24] EDIT pratilipi/controllers/default.py: 3
[2014-06-20 01:36:48] EDIT pratilipi/controllers/default.py: 1
[2014-06-20 01:39:35] EDIT pratilipi/controllers/default.py: 7
[2014-06-20 01:41:49] EDIT pratilipi/controllers/default.py: 0
[2014-06-20 01:42:44] CREATE default/invite_friends.html: 0
[2014-06-20 01:49:58] EDIT pratilipi/views/default/invite_friends.html: 119
[2014-06-20 01:51:34] EDIT pratilipi/views/default/invite_friends.html: 3
[2014-06-20 01:54:29] EDIT pratilipi/views/default/invite_friends.html: 0
[2014-06-20 01:55:03] EDIT pratilipi/views/default/invite_friends.html: 0
[2014-06-20 01:55:26] EDIT pratilipi/views/default/invite_friends.html: 0
[2014-06-20 01:56:19] EDIT pratilipi/views/default/invite_friends.html: 0
[2014-06-20 02:07:09] EDIT pratilipi/controllers/default.py: 24
[2014-06-20 02:10:29] EDIT pratilipi/controllers/default.py: -1
[2014-06-20 02:11:04] CREATE default/subscribe.html: 0
[2014-06-20 02:11:53] EDIT pratilipi/views/default/subscribe.html: 0
[2014-06-20 02:12:46] EDIT pratilipi/controllers/default.py: 0
[2014-06-20 11:24:00] EDIT pratilipi/views/default/invite_friends.html: 1
[2014-06-20 11:24:28] EDIT pratilipi/views/default/invite_friends.html: 0
[2014-06-20 11:24:51] EDIT pratilipi/views/default/invite_friends.html: 0
[2014-06-20 11:27:04] EDIT pratilipi/views/default/invite_friends.html: 0
[2014-06-20 12:42:17] EDIT pratilipi/views/default/invite_friends.html: 22
[2014-06-20 13:02:18] EDIT pratilipi/controllers/default.py: 0
[2014-06-20 13:02:19] EDIT pratilipi/controllers/default.py: 0
[2014-06-20 13:03:55] EDIT pratilipi/controllers/default.py: 0
[2014-06-20 13:04:13] EDIT pratilipi/controllers/default.py: 0
[2014-06-20 13:09:41] EDIT pratilipi/controllers/default.py: 0
[2014-06-20 13:09:49] EDIT pratilipi/controllers/default.py: 0
[2014-06-20 13:09:58] EDIT pratilipi/controllers/default.py: 0
[2014-06-20 13:10:47] EDIT pratilipi/controllers/default.py: 0
[2014-06-20 13:11:45] EDIT pratilipi/views/default/invite_friends.html: 0
[2014-06-20 14:53:44] EDIT pratilipi/views/default/invite_friends.html: 1
[2014-06-20 14:54:39] EDIT pratilipi/views/default/invite_friends.html: 0
[2014-06-20 14:55:07] EDIT pratilipi/views/default/invite_friends.html: 0
[2014-06-20 14:55:30] EDIT pratilipi/views/default/invite_friends.html: -2
[2014-06-20 15:04:17] EDIT pratilipi/views/default/invite_friends.html: 1
[2014-06-20 15:04:45] EDIT pratilipi/views/default/invite_friends.html: -1
[2014-06-20 15:42:15] EDIT pratilipi/views/default/invite_friends.html: -11
[2014-06-20 15:54:24] EDIT pratilipi/views/default/invite_friends.html: 9
[2014-06-20 15:58:10] EDIT pratilipi/views/default/invite_friends.html: 27
[2014-06-20 15:58:31] EDIT pratilipi/views/default/invite_friends.html: 0
[2014-06-20 16:07:13] EDIT pratilipi/views/default/invite_friends.html: 0
[2014-06-20 16:08:14] EDIT pratilipi/views/default/invite_friends.html: 1
[2014-06-20 16:08:50] EDIT pratilipi/views/default/invite_friends.html: -2
[2014-06-20 16:09:10] EDIT pratilipi/views/default/invite_friends.html: 2
[2014-06-20 16:09:38] EDIT pratilipi/views/default/invite_friends.html: 6
[2014-06-20 16:12:25] EDIT pratilipi/views/default/invite_friends.html: -38
[2014-06-20 16:18:11] EDIT pratilipi/views/default/invite_friends.html: -1
[2014-06-20 16:23:02] EDIT pratilipi/views/default/invite_friends.html: 0
[2014-06-20 16:23:22] EDIT pratilipi/views/default/invite_friends.html: 0
[2014-06-20 16:34:22] EDIT pratilipi/views/default/invite_friends.html: 6
[2014-06-20 16:38:52] EDIT pratilipi/views/default/invite_friends.html: -6
[2014-06-20 16:50:53] EDIT pratilipi/views/default/invite_friends.html: 6
[2014-06-20 17:03:51] CREATE facebook_invite.html: 0
[2014-06-20 17:04:04] EDIT pratilipi/views/facebook_invite.html: 4
[2014-06-20 17:04:55] EDIT pratilipi/views/default/invite_friends.html: -1
[2014-06-20 17:05:46] EDIT pratilipi/views/default/invite_friends.html: 7
[2014-06-20 17:06:24] EDIT pratilipi/views/default/invite_friends.html: 1
[2014-06-20 17:06:40] EDIT pratilipi/views/default/invite_friends.html: -1
[2014-06-20 18:07:24] EDIT pratilipi/views/default/invite_friends.html: 0
[2014-06-20 20:49:04] EDIT pratilipi/static/js/share.js: 0
[2014-06-20 20:50:35] EDIT pratilipi/static/js/share.js: 1
[2014-06-20 20:51:20] EDIT pratilipi/static/js/share.js: 0
[2014-06-20 20:51:41] EDIT pratilipi/static/js/share.js: 0
[2014-06-20 20:52:09] EDIT pratilipi/static/js/share.js: -1
[2014-06-20 20:52:28] EDIT pratilipi/static/js/share.js: 0
[2014-06-20 20:53:38] EDIT pratilipi/static/js/share.js: 0
[2014-06-20 20:53:57] EDIT pratilipi/static/js/share.js: 0
[2014-06-20 20:55:22] EDIT pratilipi/static/js/share.js: 0
[2014-06-20 20:58:12] EDIT pratilipi/static/js/share.js: 0
[2014-06-20 21:00:31] EDIT pratilipi/static/js/share.js: 0
[2014-06-20 21:02:27] EDIT pratilipi/static/js/share.js: 0
[2014-06-20 21:02:43] EDIT pratilipi/static/js/share.js: 0
[2014-06-20 21:03:37] EDIT pratilipi/static/js/share.js: 0
[2014-06-20 21:04:03] EDIT pratilipi/static/js/share.js: 0
[2014-06-20 21:04:14] EDIT pratilipi/static/js/share.js: 0
[2014-06-20 21:04:34] EDIT pratilipi/static/js/share.js: 0
[2014-06-20 21:37:58] EDIT pratilipi/static/js/share.js: 0
[2014-06-20 21:38:26] EDIT pratilipi/static/js/share.js: 0
[2014-06-20 21:39:11] EDIT pratilipi/static/js/share.js: 0
[2014-06-20 21:44:56] EDIT pratilipi/static/js/share.js: 0
[2014-06-20 21:45:53] EDIT pratilipi/static/js/share.js: 0
[2014-06-20 21:46:24] EDIT pratilipi/static/js/share.js: 0
[2014-06-20 21:46:37] EDIT pratilipi/static/js/share.js: 0
[2014-06-20 21:47:15] EDIT pratilipi/static/js/share.js: 0
[2014-06-20 21:47:27] EDIT pratilipi/static/js/share.js: 0
[2014-06-20 21:48:56] EDIT pratilipi/static/js/share.js: 0
[2014-06-20 21:49:08] EDIT pratilipi/static/js/share.js: 0
[2014-06-20 21:49:19] EDIT pratilipi/static/js/share.js: 0
[2014-06-20 21:50:08] EDIT pratilipi/static/js/share.js: 0
[2014-06-20 21:50:22] EDIT pratilipi/static/js/share.js: 0
[2014-06-20 21:51:00] EDIT pratilipi/static/js/share.js: 0
[2014-06-20 21:51:29] EDIT pratilipi/static/js/share.js: 0
[2014-06-20 21:52:07] EDIT pratilipi/static/js/share.js: 0
[2014-06-20 21:55:03] EDIT pratilipi/static/js/share.js: 0
[2014-06-20 21:55:40] EDIT pratilipi/static/js/share.js: 0
[2014-06-20 21:57:02] EDIT pratilipi/static/js/share.js: 0
[2014-06-20 21:57:43] EDIT pratilipi/static/js/share.js: 0
[2014-06-20 21:58:37] EDIT pratilipi/static/js/share.js: 0
[2014-06-20 22:00:32] EDIT pratilipi/static/js/share.js: 0
[2014-06-20 22:01:19] EDIT pratilipi/static/js/share.js: 0
[2014-06-20 22:01:52] EDIT pratilipi/static/js/share.js: 0
[2014-06-20 22:50:53] EDIT pratilipi/static/js/share.js: 0
[2014-06-20 22:52:10] EDIT pratilipi/views/default/invite_friends.html: 0
[2014-06-20 22:57:22] EDIT pratilipi/static/js/share.js: 0
[2014-06-20 22:57:42] EDIT pratilipi/static/js/share.js: 0
[2014-06-20 22:58:31] EDIT pratilipi/static/js/share.js: 0
[2014-06-20 22:58:44] EDIT pratilipi/static/js/share.js: 0
[2014-06-20 23:01:52] EDIT pratilipi/views/default/invite_friends.html: 0
[2014-06-20 23:02:07] EDIT pratilipi/static/js/share.js: 0
[2014-06-20 23:02:50] EDIT pratilipi/views/default/invite_friends.html: 0
[2014-06-20 23:03:16] EDIT pratilipi/static/js/share.js: 0
[2014-06-20 23:03:54] EDIT pratilipi/views/default/invite_friends.html: 0
[2014-06-20 23:04:06] EDIT pratilipi/static/js/share.js: 0
[2014-06-20 23:04:17] EDIT pratilipi/static/js/share.js: 0
[2014-06-20 23:04:25] EDIT pratilipi/static/js/share.js: 0
[2014-06-20 23:06:16] EDIT pratilipi/static/js/share.js: 0
[2014-06-20 23:06:39] EDIT pratilipi/static/js/share.js: 0
[2014-06-20 23:07:53] EDIT pratilipi/static/js/share.js: 0
[2014-06-20 23:08:12] EDIT pratilipi/static/js/share.js: 0
[2014-06-20 23:08:40] EDIT pratilipi/static/js/share.js: 0
[2014-06-20 23:09:08] EDIT pratilipi/static/js/share.js: 0
[2014-06-20 23:10:09] EDIT pratilipi/static/js/share.js: 0
[2014-06-20 23:11:35] EDIT pratilipi/static/js/share.js: 0
[2014-06-22 11:32:54] EDIT pratilipi/views/layout.html: 0
[2014-06-22 11:40:19] EDIT pratilipi/views/layout.html: 0
[2014-06-22 11:46:57] EDIT pratilipi/views/layout.html: 4
[2014-06-22 11:50:48] EDIT pratilipi/views/layout.html: 0
[2014-06-22 11:51:27] EDIT pratilipi/views/layout.html: 0
[2014-06-22 11:52:44] EDIT pratilipi/views/layout.html: 0
[2014-06-22 11:57:53] EDIT pratilipi/views/layout.html: 0
[2014-06-22 12:04:27] EDIT pratilipi/views/layout.html: 0
[2014-06-22 12:04:36] EDIT pratilipi/views/layout.html: 0
[2014-06-22 12:11:30] EDIT pratilipi/views/layout.html: 0
[2014-06-22 12:13:30] EDIT pratilipi/views/layout.html: 1
[2014-06-22 12:14:13] EDIT pratilipi/views/layout.html: 0
[2014-06-22 12:23:48] EDIT pratilipi/views/layout.html: 0
[2014-06-22 12:24:31] EDIT pratilipi/views/layout.html: 0
[2014-06-22 12:24:57] EDIT pratilipi/views/layout.html: 0
[2014-06-22 12:25:15] EDIT pratilipi/views/layout.html: 0
[2014-06-22 12:50:39] EDIT pratilipi/views/layout.html: -16
[2014-06-22 12:51:18] EDIT pratilipi/views/layout.html: 10
[2014-06-22 12:53:12] EDIT pratilipi/views/layout.html: 0
[2014-06-22 12:53:47] EDIT pratilipi/views/layout.html: 0
[2014-06-22 12:54:06] EDIT pratilipi/views/layout.html: -1
[2014-06-22 12:54:34] EDIT pratilipi/views/layout.html: 0
[2014-06-23 10:53:48] EDIT pratilipi/views/layout.html: 0
[2014-06-23 10:54:13] EDIT pratilipi/views/layout.html: 0
[2014-06-23 10:55:45] EDIT pratilipi/views/layout.html: -2
[2014-06-23 10:56:26] EDIT pratilipi/views/layout.html: 0
[2014-06-23 10:57:30] EDIT pratilipi/views/layout.html: -4
[2014-06-23 10:57:56] EDIT pratilipi/views/layout.html: -2
[2014-06-23 10:59:35] EDIT pratilipi/views/layout.html: 2
[2014-06-23 11:00:10] EDIT pratilipi/views/layout.html: 4
[2014-06-23 11:01:12] EDIT pratilipi/views/layout.html: 2
[2014-06-23 11:08:38] EDIT pratilipi/static/js/share.js: 0
[2014-06-23 11:09:52] EDIT pratilipi/static/js/share.js: 0
[2014-06-23 11:11:53] EDIT pratilipi/static/js/share.js: 0
[2014-06-23 11:12:25] EDIT pratilipi/static/js/share.js: 0
[2014-06-23 11:13:19] EDIT pratilipi/static/js/share.js: 0
[2014-06-23 12:11:16] EDIT pratilipi/views/layout.html: 0
[2014-06-23 12:11:44] EDIT pratilipi/static/js/share.js: 0
[2014-06-23 15:11:19] EDIT pratilipi/views/layout.html: 1
[2014-06-23 15:12:43] EDIT pratilipi/views/layout.html: 0
[2014-06-23 15:13:56] EDIT pratilipi/views/layout.html: -1
[2014-06-23 15:16:05] EDIT pratilipi/views/layout.html: 1
[2014-06-23 15:23:32] EDIT pratilipi/views/layout.html: 24
[2014-06-23 15:24:22] EDIT pratilipi/views/layout.html: 0
[2014-06-23 15:26:38] EDIT pratilipi/views/layout.html: -1
[2014-06-23 15:27:09] EDIT pratilipi/views/layout.html: 1
[2014-06-23 15:27:26] EDIT pratilipi/views/layout.html: -1
[2014-06-23 15:30:58] EDIT pratilipi/views/layout.html: 0
[2014-06-23 15:32:16] EDIT pratilipi/views/layout.html: 0
[2014-06-23 15:32:16] EDIT pratilipi/views/layout.html: 0
[2014-06-23 15:32:16] EDIT pratilipi/views/layout.html: 0
[2014-06-23 15:33:07] EDIT pratilipi/views/layout.html: 0
[2014-06-23 15:35:07] EDIT pratilipi/views/layout.html: 0
[2014-06-23 15:37:38] EDIT pratilipi/views/layout.html: 0
[2014-06-23 15:38:19] EDIT pratilipi/views/layout.html: 0
[2014-06-23 15:39:03] EDIT pratilipi/views/layout.html: 0
[2014-06-23 15:41:55] EDIT pratilipi/views/layout.html: 1
[2014-06-23 15:45:24] EDIT pratilipi/views/layout.html: -1
[2014-06-23 15:48:09] EDIT pratilipi/views/layout.html: 0
[2014-06-23 16:08:13] EDIT pratilipi/views/layout.html: -23
[2014-06-23 16:23:59] EDIT pratilipi/views/layout.html: 0
[2014-06-23 16:24:45] EDIT pratilipi/views/layout.html: 0
[2014-06-23 16:37:59] EDIT pratilipi/static/js/share.js: 0
[2014-06-23 16:38:41] EDIT pratilipi/static/js/share.js: 0
[2014-06-23 16:38:49] EDIT pratilipi/static/js/share.js: 0
[2014-06-23 16:40:30] EDIT pratilipi/static/js/share.js: 0
[2014-06-23 20:30:15] EDIT pratilipi/views/layout.html: 3
[2014-06-23 20:31:25] EDIT pratilipi/views/layout.html: 0
[2014-06-23 20:32:09] EDIT pratilipi/views/layout.html: 0
[2014-06-23 20:33:20] EDIT pratilipi/views/layout.html: 0
[2014-06-23 20:33:46] EDIT pratilipi/views/layout.html: 0
[2014-06-23 20:34:08] EDIT pratilipi/views/layout.html: 0
[2014-06-23 20:34:36] EDIT pratilipi/views/layout.html: 0
[2014-06-23 20:49:28] EDIT pratilipi/views/layout.html: 2
[2014-06-23 20:50:25] EDIT pratilipi/views/layout.html: 0
[2014-06-23 20:51:21] EDIT pratilipi/views/layout.html: 0
[2014-06-23 21:00:51] EDIT pratilipi/views/layout.html: 0
[2014-06-23 21:10:54] EDIT pratilipi/views/layout.html: 0
[2014-06-23 21:11:50] EDIT pratilipi/views/layout.html: 0
[2014-06-23 21:12:03] EDIT pratilipi/views/layout.html: 0
[2014-06-23 21:20:22] EDIT pratilipi/views/layout.html: 0
[2014-06-23 21:38:21] EDIT pratilipi/controllers/default.py: 4
[2014-06-23 21:39:22] EDIT pratilipi/views/layout.html: 0
[2014-06-23 21:40:25] EDIT pratilipi/views/layout.html: -2
[2014-06-23 21:40:32] EDIT pratilipi/views/layout.html: 0
[2014-06-23 23:50:45] EDIT pratilipi/controllers/default.py: 0
[2014-06-24 00:01:11] EDIT pratilipi/views/layout.html: 1
[2014-06-24 00:07:07] EDIT pratilipi/controllers/default.py: 1
[2014-06-24 00:08:04] EDIT pratilipi/controllers/default.py: 0
[2014-06-24 00:08:10] EDIT pratilipi/controllers/default.py: 0
[2014-06-24 00:10:10] EDIT pratilipi/views/layout.html: 0
[2014-06-24 00:11:00] EDIT pratilipi/views/layout.html: -1
[2014-06-24 00:11:26] EDIT pratilipi/views/layout.html: 1
[2014-06-24 00:12:14] EDIT pratilipi/views/layout.html: 0
[2014-06-24 00:14:47] EDIT pratilipi/views/layout.html: 0
[2014-06-24 00:18:20] EDIT pratilipi/views/layout.html: 0
[2014-06-24 00:44:48] EDIT pratilipi/views/layout.html: 0
[2014-06-24 00:45:09] EDIT pratilipi/views/layout.html: -1
[2014-06-24 00:46:11] EDIT pratilipi/views/layout.html: 0
[2014-06-24 00:51:27] EDIT pratilipi/views/default/invite_friends.html: -1
[2014-06-24 00:51:54] EDIT pratilipi/static/js/share.js: 0
[2014-06-24 00:52:19] EDIT pratilipi/views/default/invite_friends.html: 0
[2014-06-24 00:58:02] EDIT pratilipi/static/js/share.js: 0
[2014-06-24 01:01:31] EDIT pratilipi/static/js/share.js: 0
[2014-06-24 01:04:04] EDIT pratilipi/static/js/share.js: 0
[2014-06-24 01:04:50] EDIT pratilipi/static/js/share.js: 0
[2014-06-24 01:28:29] EDIT pratilipi/views/default/invite_friends.html: 1
[2014-06-24 01:28:41] EDIT pratilipi/static/js/share.js: 0
[2014-06-24 01:29:45] EDIT pratilipi/views/default/invite_friends.html: 0
[2014-06-24 01:30:15] EDIT pratilipi/views/default/invite_friends.html: 0
[2014-06-24 01:36:20] EDIT pratilipi/views/default/invite_friends.html: 1
[2014-06-24 01:38:42] EDIT pratilipi/controllers/default.py: 0
[2014-06-24 01:38:57] EDIT pratilipi/controllers/default.py: -1
[2014-06-24 01:42:07] EDIT pratilipi/controllers/default.py: 1
[2014-06-24 02:01:13] EDIT pratilipi/views/default/invite_friends.html: 2
[2014-06-24 02:02:26] EDIT pratilipi/controllers/default.py: 5
[2014-06-24 02:05:06] EDIT pratilipi/controllers/default.py: 0
[2014-06-24 02:06:07] EDIT pratilipi/controllers/default.py: 0
[2014-06-24 02:13:22] EDIT pratilipi/controllers/default.py: 5
[2014-06-24 02:14:22] EDIT pratilipi/views/default/invite_friends.html: 2
[2014-06-24 02:18:20] EDIT pratilipi/controllers/default.py: 0
[2014-06-24 02:18:28] EDIT pratilipi/controllers/default.py: 0
[2014-06-24 02:18:33] EDIT pratilipi/controllers/default.py: 0
[2014-06-24 02:18:35] EDIT pratilipi/controllers/default.py: 0
[2014-06-24 02:18:59] EDIT pratilipi/views/default/invite_friends.html: 0
[2014-06-24 02:28:33] EDIT pratilipi/views/default/invite_friends.html: 2
[2014-06-24 02:29:52] EDIT pratilipi/views/default/invite_friends.html: 0
[2014-06-24 02:31:39] EDIT pratilipi/views/default/invite_friends.html: 0
[2014-06-24 02:33:15] EDIT pratilipi/views/default/invite_friends.html: 0
[2014-06-24 02:34:39] EDIT pratilipi/views/default/invite_friends.html: 1
[2014-06-24 02:51:01] EDIT pratilipi/controllers/default.py: 3
[2014-06-24 02:51:32] EDIT pratilipi/controllers/default.py: 0
[2014-06-24 02:51:39] EDIT pratilipi/controllers/default.py: 0
[2014-06-24 02:53:20] EDIT pratilipi/controllers/default.py: 3
[2014-06-24 02:55:42] EDIT pratilipi/controllers/default.py: 2
[2014-06-24 02:56:58] EDIT pratilipi/controllers/default.py: 0
[2014-06-24 03:14:44] EDIT pratilipi/views/default/invite_friends.html: -1
[2014-06-24 03:15:26] EDIT pratilipi/views/default/invite_friends.html: -26
[2014-06-24 03:17:22] EDIT pratilipi/views/default/invite_friends.html: 3
[2014-06-24 03:17:32] EDIT pratilipi/views/default/invite_friends.html: -6
[2014-06-24 03:18:49] EDIT pratilipi/views/default/invite_friends.html: 0
[2014-06-26 15:46:52] EDIT pratilipi/views/layout.html: -5
[2014-06-26 15:47:57] EDIT pratilipi/views/layout.html: 2
[2014-06-26 15:48:47] EDIT pratilipi/models/menu.py: 0
[2014-06-26 15:49:02] EDIT pratilipi/models/menu.py: 0
[2014-06-29 17:04:17] EDIT pratilipi/views/layout.html: -3
[2014-06-29 17:14:42] EDIT pratilipi/controllers/default.py: 0
[2014-06-29 17:15:02] EDIT pratilipi/controllers/default.py: 0
[2014-06-29 18:05:44] EDIT pratilipi/views/layout.html: 4
[2014-06-29 18:06:09] EDIT pratilipi/views/layout.html: 0
[2014-06-29 18:06:36] EDIT pratilipi/views/layout.html: 0
[2014-06-29 18:07:25] EDIT pratilipi/views/layout.html: 0
[2014-06-29 18:07:42] EDIT pratilipi/views/layout.html: 0
[2014-06-29 18:10:55] EDIT pratilipi/views/layout.html: 0
[2014-06-29 18:11:10] EDIT pratilipi/views/layout.html: 0
[2014-06-29 18:11:50] EDIT pratilipi/views/layout.html: 0
[2014-06-29 18:12:03] EDIT pratilipi/views/layout.html: 0
[2014-06-29 18:12:19] EDIT pratilipi/views/layout.html: 0
[2014-06-29 19:20:34] EDIT pratilipi/models/menu.py: 0
[2014-06-29 19:20:48] EDIT pratilipi/models/menu.py: 0
[2014-06-30 09:53:53] EDIT pratilipi/controllers/default.py: 1
[2014-06-30 09:56:26] EDIT pratilipi/controllers/default.py: 0
[2014-06-30 10:21:59] EDIT pratilipi/controllers/default.py: 1
[2014-06-30 10:25:12] EDIT pratilipi/controllers/default.py: 2
[2014-06-30 10:25:59] EDIT pratilipi/controllers/default.py: 0
[2014-06-30 10:26:34] EDIT pratilipi/controllers/default.py: 1
[2014-06-30 13:13:59] EDIT pratilipi/controllers/default.py: 0
[2014-06-30 15:59:11] EDIT pratilipi/controllers/default.py: 1
[2014-06-30 16:00:01] EDIT pratilipi/controllers/default.py: 0
[2014-06-30 21:07:17] EDIT pratilipi/views/layout.html: 3
[2014-06-30 21:08:13] EDIT pratilipi/views/layout.html: -4
[2014-06-30 21:09:23] EDIT pratilipi/views/layout.html: 0
[2014-06-30 21:09:55] EDIT pratilipi/views/layout.html: 0
[2014-06-30 21:16:20] EDIT pratilipi/views/layout.html: 0
[2014-06-30 21:19:48] EDIT pratilipi/views/layout.html: 0
[2014-07-01 20:53:08] EDIT pratilipi/controllers/default.py: 0
[2014-07-01 20:53:22] EDIT pratilipi/controllers/default.py: 0
[2014-07-01 20:59:08] EDIT pratilipi/controllers/default.py: 0
[2014-07-01 20:59:17] EDIT pratilipi/controllers/default.py: 0
[2014-07-13 19:02:48] EDIT pratilipi/controllers/default.py: 1
[2014-07-13 19:04:58] EDIT pratilipi/controllers/default.py: 0
[2014-07-13 19:08:09] EDIT pratilipi/controllers/default.py: 0
[2014-07-13 23:21:40] EDIT pratilipi/controllers/default.py: 0
[2014-07-13 23:33:01] EDIT pratilipi/controllers/default.py: 0
[2014-07-13 23:37:55] EDIT pratilipi/controllers/default.py: 0
[2014-07-14 13:50:06] EDIT pratilipi/controllers/default.py: 0
[2014-07-20 11:34:03] EDIT pratilipi/controllers/default.py: 0
